<?xml version="1.0" encoding="UTF-8"?>
<coverage generated="1666633287792" clover="3.2.0">
  <project timestamp="1666633287792" name="All files">
    <metrics statements="24" coveredstatements="24" conditionals="7" coveredconditionals="7" methods="11" coveredmethods="11" elements="42" coveredelements="42" complexity="0" loc="24" ncloc="24" packages="1" files="3" classes="3"/>
    <file name="account.js" path="/Users/jonas/Documents/Projects/week10/bank_tech_test/account.js">
      <metrics statements="4" coveredstatements="4" conditionals="0" coveredconditionals="0" methods="3" coveredmethods="3"/>
      <line num="3" count="8" type="stmt"/>
      <line num="7" count="12" type="stmt"/>
      <line num="11" count="11" type="stmt"/>
      <line num="15" count="2" type="stmt"/>
    </file>
    <file name="statement.js" path="/Users/jonas/Documents/Projects/week10/bank_tech_test/statement.js">
      <metrics statements="7" coveredstatements="7" conditionals="0" coveredconditionals="0" methods="3" coveredmethods="3"/>
      <line num="3" count="8" type="stmt"/>
      <line num="7" count="11" type="stmt"/>
      <line num="12" count="6" type="stmt"/>
      <line num="15" count="6" type="stmt"/>
      <line num="18" count="6" type="stmt"/>
      <line num="20" count="6" type="stmt"/>
      <line num="24" count="2" type="stmt"/>
    </file>
    <file name="transactions.js" path="/Users/jonas/Documents/Projects/week10/bank_tech_test/transactions.js">
      <metrics statements="13" coveredstatements="13" conditionals="7" coveredconditionals="7" methods="5" coveredmethods="5"/>
      <line num="3" count="13" type="stmt"/>
      <line num="4" count="13" type="stmt"/>
      <line num="8" count="9" type="stmt"/>
      <line num="9" count="9" type="stmt"/>
      <line num="14" count="16" type="cond" truecount="5" falsecount="0"/>
      <line num="15" count="5" type="stmt"/>
      <line num="20" count="11" type="stmt"/>
      <line num="21" count="6" type="stmt"/>
      <line num="22" count="6" type="stmt"/>
      <line num="26" count="5" type="stmt"/>
      <line num="27" count="5" type="stmt"/>
      <line num="28" count="5" type="stmt"/>
      <line num="32" count="2" type="stmt"/>
    </file>
  </project>
</coverage>
