{"/Users/jonas/Documents/Projects/week10/bank_tech_test/account.js": {"path":"/Users/jonas/Documents/Projects/week10/bank_tech_test/account.js","statementMap":{"0":{"start":{"line":3,"column":4},"end":{"line":3,"column":21}},"1":{"start":{"line":7,"column":4},"end":{"line":7,"column":24}},"2":{"start":{"line":11,"column":4},"end":{"line":11,"column":27}},"3":{"start":{"line":15,"column":0},"end":{"line":15,"column":25}}},"fnMap":{"0":{"name":"(anonymous_0)","decl":{"start":{"line":2,"column":2},"end":{"line":2,"column":3}},"loc":{"start":{"line":2,"column":16},"end":{"line":4,"column":3}},"line":2},"1":{"name":"(anonymous_1)","decl":{"start":{"line":6,"column":2},"end":{"line":6,"column":3}},"loc":{"start":{"line":6,"column":15},"end":{"line":8,"column":3}},"line":6},"2":{"name":"(anonymous_2)","decl":{"start":{"line":10,"column":2},"end":{"line":10,"column":3}},"loc":{"start":{"line":10,"column":24},"end":{"line":12,"column":3}},"line":10}},"branchMap":{},"s":{"0":8,"1":12,"2":11,"3":2},"f":{"0":8,"1":12,"2":11},"b":{},"_coverageSchema":"1a1c01bbd47fc00a2c39e90264f33305004495a9","hash":"c78bde73470439d26948e3eae812abf64bf64dfd"}
,"/Users/jonas/Documents/Projects/week10/bank_tech_test/statement.js": {"path":"/Users/jonas/Documents/Projects/week10/bank_tech_test/statement.js","statementMap":{"0":{"start":{"line":3,"column":4},"end":{"line":3,"column":29}},"1":{"start":{"line":7,"column":4},"end":{"line":13,"column":5}},"2":{"start":{"line":9,"column":6},"end":{"line":9,"column":81}},"3":{"start":{"line":12,"column":6},"end":{"line":12,"column":89}},"4":{"start":{"line":18,"column":4},"end":{"line":18,"column":70}},"5":{"start":{"line":21,"column":28},"end":{"line":21,"column":58}},"6":{"start":{"line":24,"column":4},"end":{"line":24,"column":37}},"7":{"start":{"line":26,"column":4},"end":{"line":26,"column":27}},"8":{"start":{"line":30,"column":0},"end":{"line":30,"column":27}}},"fnMap":{"0":{"name":"(anonymous_0)","decl":{"start":{"line":2,"column":2},"end":{"line":2,"column":3}},"loc":{"start":{"line":2,"column":16},"end":{"line":4,"column":3}},"line":2},"1":{"name":"(anonymous_1)","decl":{"start":{"line":6,"column":2},"end":{"line":6,"column":3}},"loc":{"start":{"line":6,"column":40},"end":{"line":14,"column":3}},"line":6},"2":{"name":"(anonymous_2)","decl":{"start":{"line":16,"column":2},"end":{"line":16,"column":3}},"loc":{"start":{"line":16,"column":19},"end":{"line":27,"column":3}},"line":16}},"branchMap":{"0":{"loc":{"start":{"line":7,"column":4},"end":{"line":13,"column":5}},"type":"if","locations":[{"start":{"line":7,"column":4},"end":{"line":13,"column":5}},{"start":{"line":10,"column":11},"end":{"line":13,"column":5}}],"line":7}},"s":{"0":8,"1":11,"2":7,"3":4,"4":6,"5":6,"6":6,"7":6,"8":2},"f":{"0":8,"1":11,"2":6},"b":{"0":[7,4]},"_coverageSchema":"1a1c01bbd47fc00a2c39e90264f33305004495a9","hash":"680a6ea0bb7e16a374da859e3aa90b8148ed475b"}
,"/Users/jonas/Documents/Projects/week10/bank_tech_test/transactions.js": {"path":"/Users/jonas/Documents/Projects/week10/bank_tech_test/transactions.js","statementMap":{"0":{"start":{"line":3,"column":4},"end":{"line":3,"column":27}},"1":{"start":{"line":4,"column":4},"end":{"line":4,"column":31}},"2":{"start":{"line":8,"column":17},"end":{"line":8,"column":25}},"3":{"start":{"line":9,"column":4},"end":{"line":9,"column":85}},"4":{"start":{"line":14,"column":4},"end":{"line":16,"column":5}},"5":{"start":{"line":15,"column":6},"end":{"line":15,"column":51}},"6":{"start":{"line":20,"column":4},"end":{"line":20,"column":31}},"7":{"start":{"line":21,"column":4},"end":{"line":21,"column":39}},"8":{"start":{"line":22,"column":4},"end":{"line":22,"column":81}},"9":{"start":{"line":26,"column":4},"end":{"line":26,"column":31}},"10":{"start":{"line":27,"column":4},"end":{"line":27,"column":41}},"11":{"start":{"line":28,"column":4},"end":{"line":28,"column":83}},"12":{"start":{"line":32,"column":0},"end":{"line":32,"column":30}}},"fnMap":{"0":{"name":"(anonymous_0)","decl":{"start":{"line":2,"column":2},"end":{"line":2,"column":3}},"loc":{"start":{"line":2,"column":34},"end":{"line":5,"column":3}},"line":2},"1":{"name":"(anonymous_1)","decl":{"start":{"line":7,"column":2},"end":{"line":7,"column":3}},"loc":{"start":{"line":7,"column":12},"end":{"line":10,"column":3}},"line":7},"2":{"name":"(anonymous_2)","decl":{"start":{"line":12,"column":2},"end":{"line":12,"column":3}},"loc":{"start":{"line":12,"column":26},"end":{"line":17,"column":3}},"line":12},"3":{"name":"(anonymous_3)","decl":{"start":{"line":19,"column":2},"end":{"line":19,"column":3}},"loc":{"start":{"line":19,"column":47},"end":{"line":23,"column":3}},"line":19},"4":{"name":"(anonymous_4)","decl":{"start":{"line":25,"column":2},"end":{"line":25,"column":3}},"loc":{"start":{"line":25,"column":48},"end":{"line":29,"column":3}},"line":25}},"branchMap":{"0":{"loc":{"start":{"line":14,"column":4},"end":{"line":16,"column":5}},"type":"if","locations":[{"start":{"line":14,"column":4},"end":{"line":16,"column":5}},{"start":{},"end":{}}],"line":14},"1":{"loc":{"start":{"line":14,"column":8},"end":{"line":14,"column":76}},"type":"binary-expr","locations":[{"start":{"line":14,"column":8},"end":{"line":14,"column":35}},{"start":{"line":14,"column":39},"end":{"line":14,"column":52}},{"start":{"line":14,"column":56},"end":{"line":14,"column":76}}],"line":14},"2":{"loc":{"start":{"line":19,"column":18},"end":{"line":19,"column":45}},"type":"default-arg","locations":[{"start":{"line":19,"column":31},"end":{"line":19,"column":45}}],"line":19},"3":{"loc":{"start":{"line":25,"column":19},"end":{"line":25,"column":46}},"type":"default-arg","locations":[{"start":{"line":25,"column":32},"end":{"line":25,"column":46}}],"line":25}},"s":{"0":13,"1":13,"2":9,"3":9,"4":16,"5":5,"6":11,"7":6,"8":6,"9":5,"10":5,"11":5,"12":2},"f":{"0":13,"1":9,"2":16,"3":11,"4":5},"b":{"0":[5,11],"1":[16,14,12],"2":[7],"3":[2]},"_coverageSchema":"1a1c01bbd47fc00a2c39e90264f33305004495a9","hash":"2c8227337653e4f99f45e2038dd466160772f8e7"}
}
