TN:
SF:account.js
FN:2,(anonymous_0)
FN:6,(anonymous_1)
FN:10,(anonymous_2)
FNF:3
FNH:3
FNDA:8,(anonymous_0)
FNDA:12,(anonymous_1)
FNDA:11,(anonymous_2)
DA:3,8
DA:7,12
DA:11,11
DA:15,2
LF:4
LH:4
BRF:0
BRH:0
end_of_record
TN:
SF:statement.js
FN:2,(anonymous_0)
FN:6,(anonymous_1)
FN:10,(anonymous_2)
FNF:3
FNH:3
FNDA:8,(anonymous_0)
FNDA:11,(anonymous_1)
FNDA:6,(anonymous_2)
DA:3,8
DA:7,11
DA:12,6
DA:15,6
DA:18,6
DA:20,6
DA:24,2
LF:7
LH:7
BRF:0
BRH:0
end_of_record
TN:
SF:transactions.js
FN:2,(anonymous_0)
FN:7,(anonymous_1)
FN:12,(anonymous_2)
FN:19,(anonymous_3)
FN:25,(anonymous_4)
FNF:5
FNH:5
FNDA:13,(anonymous_0)
FNDA:9,(anonymous_1)
FNDA:16,(anonymous_2)
FNDA:11,(anonymous_3)
FNDA:5,(anonymous_4)
DA:3,13
DA:4,13
DA:8,9
DA:9,9
DA:14,16
DA:15,5
DA:20,11
DA:21,6
DA:22,6
DA:26,5
DA:27,5
DA:28,5
DA:32,2
LF:13
LH:13
BRDA:14,0,0,5
BRDA:14,0,1,11
BRDA:14,1,0,16
BRDA:14,1,1,14
BRDA:14,1,2,12
BRDA:19,2,0,7
BRDA:25,3,0,2
BRF:7
BRH:7
end_of_record
