TN:
SF:account.js
FN:2,(anonymous_0)
FN:7,(anonymous_1)
FNF:2
FNH:2
FNDA:11,(anonymous_0)
FNDA:15,(anonymous_1)
DA:3,11
DA:4,11
DA:8,15
DA:9,15
DA:14,15
DA:18,2
LF:6
LH:6
BRF:0
BRH:0
end_of_record
TN:
SF:statement.js
FN:2,(anonymous_0)
FN:6,(anonymous_1)
FN:8,(anonymous_2)
FN:20,(anonymous_3)
FNF:4
FNH:4
FNDA:8,(anonymous_0)
FNDA:6,(anonymous_1)
FNDA:9,(anonymous_2)
FNDA:6,(anonymous_3)
DA:3,8
DA:7,6
DA:8,6
DA:9,9
DA:11,6
DA:14,3
DA:17,6
DA:21,6
DA:23,6
DA:26,6
DA:28,6
DA:32,2
LF:12
LH:12
BRDA:9,0,0,6
BRDA:9,0,1,3
BRF:2
BRH:2
end_of_record
TN:
SF:transactionMaker.js
FN:2,(anonymous_0)
FN:6,(anonymous_1)
FN:11,(anonymous_2)
FN:18,(anonymous_3)
FN:23,(anonymous_4)
FNF:5
FNH:5
FNDA:12,(anonymous_0)
FNDA:9,(anonymous_1)
FNDA:14,(anonymous_2)
FNDA:10,(anonymous_3)
FNDA:4,(anonymous_4)
DA:3,12
DA:7,9
DA:8,9
DA:13,14
DA:14,5
DA:19,10
DA:20,5
DA:24,4
DA:25,4
DA:29,2
LF:10
LH:10
BRDA:13,0,0,5
BRDA:13,0,1,9
BRDA:13,1,0,14
BRDA:13,1,1,12
BRDA:13,1,2,10
BRF:5
BRH:5
end_of_record
